<?xml version="1.0" encoding="UTF-8"?>
<!-- Generated by org.testng.reporters.JUnitXMLReporter -->
<testsuite hostname="SATISH-PC" name="multipleLoginsFirefox" tests="4" failures="0" timestamp="12 Oct 2016 20:23:47 GMT" time="158.542" errors="0">
  <testcase name="getMultipleLogins" time="27.923" classname="com.gmail.testcases.GmailMultipleLoginsPage"/>
  <testcase name="getMultipleLogins" time="28.345" classname="com.gmail.testcases.GmailMultipleLoginsPage"/>
  <testcase name="getMultipleLogins" time="23.997" classname="com.gmail.testcases.GmailMultipleLoginsPage"/>
  <testcase name="getMultipleLogins" time="26.411" classname="com.gmail.testcases.GmailMultipleLoginsPage"/>
</testsuite> <!-- multipleLoginsFirefox -->
