<?xml version="1.0" encoding="UTF-8"?>
<!-- Generated by org.testng.reporters.JUnitXMLReporter -->
<testsuite hostname="SATISH-PC" name="multipleLoginsChrome" tests="4" failures="0" timestamp="12 Oct 2016 20:23:12 GMT" time="124.215" errors="0">
  <testcase name="getMultipleLogins" time="31.502" classname="com.gmail.testcases.GmailMultipleLoginsPage"/>
  <testcase name="getMultipleLogins" time="18.6" classname="com.gmail.testcases.GmailMultipleLoginsPage"/>
  <testcase name="getMultipleLogins" time="19.781" classname="com.gmail.testcases.GmailMultipleLoginsPage"/>
  <testcase name="getMultipleLogins" time="17.583" classname="com.gmail.testcases.GmailMultipleLoginsPage"/>
</testsuite> <!-- multipleLoginsChrome -->
